<?xml version="1.0" encoding="UTF-8"?>
<!-- Generated by org.testng.reporters.JUnitReportReporter -->
<testsuite hostname="NurulAfsar" failures="0" tests="1" name="Automation.webAutomationBasic.BrowserCommand" time="58.875" errors="0" timestamp="2023-08-04T22:45:41 BDT" skipped="0">
  <testcase classname="Automation.webAutomationBasic.BrowserCommand" name="BrowserCommands" time="58.875"/>
</testsuite> <!-- Automation.webAutomationBasic.BrowserCommand -->
