<?xml version="1.0" encoding="UTF-8"?>
<!-- Generated by org.testng.reporters.JUnitReportReporter -->
<testsuite hostname="NurulAfsar" failures="0" tests="1" name="Automation.webAutomationBasic.FramesHandling" time="13.676" errors="0" timestamp="2023-08-07T18:47:19 BDT" skipped="0">
  <testcase classname="Automation.webAutomationBasic.FramesHandling" name="IFrames" time="13.676"/>
</testsuite> <!-- Automation.webAutomationBasic.FramesHandling -->
