<?xml version="1.0" encoding="UTF-8"?>
<!-- Generated by org.testng.reporters.JUnitReportReporter -->
<testsuite hostname="NurulAfsar" failures="0" tests="1" name="Automation.webAutomationBasic.BasicLocators" time="115.167" errors="0" timestamp="2023-08-04T11:52:53 BDT" skipped="0">
  <testcase classname="Automation.webAutomationBasic.BasicLocators" name="testLocators" time="115.167"/>
</testsuite> <!-- Automation.webAutomationBasic.BasicLocators -->
