<?xml version="1.0" encoding="UTF-8"?>
<!-- Generated by org.testng.reporters.JUnitReportReporter -->
<testsuite hostname="NurulAfsar" failures="0" tests="1" name="Automation.webAutomationBasic.ScrollHandling" time="14.144" errors="0" timestamp="2023-08-06T11:13:59 BDT" skipped="0">
  <testcase classname="Automation.webAutomationBasic.ScrollHandling" name="Scroll" time="14.144"/>
</testsuite> <!-- Automation.webAutomationBasic.ScrollHandling -->
