<?xml version="1.0" encoding="UTF-8"?>
<!-- Generated by org.testng.reporters.JUnitReportReporter -->
<testsuite hostname="NurulAfsar" failures="0" tests="3" name="Automation.webAutomationBasic.TestNGannotations" time="0.013" errors="0" timestamp="2023-08-04T11:17:55 BDT" skipped="0">
  <testcase classname="Automation.webAutomationBasic.TestNGannotations" name="test3" time="0.007"/>
  <testcase classname="Automation.webAutomationBasic.TestNGannotations" name="test1" time="0.004"/>
  <testcase classname="Automation.webAutomationBasic.TestNGannotations" name="test2" time="0.002"/>
</testsuite> <!-- Automation.webAutomationBasic.TestNGannotations -->
