<?xml version="1.0" encoding="UTF-8"?>
<!-- Generated by org.testng.reporters.JUnitReportReporter -->
<testsuite hostname="NurulAfsar" failures="0" tests="1" name="Automation.webAutomationBasic.MouseHoverHandling" time="40.590" errors="0" timestamp="2023-08-05T23:00:11 BDT" skipped="0">
  <testcase classname="Automation.webAutomationBasic.MouseHoverHandling" name="MouseHandle" time="40.590"/>
</testsuite> <!-- Automation.webAutomationBasic.MouseHoverHandling -->
