<?xml version="1.0" encoding="UTF-8"?>
<!-- Generated by org.testng.reporters.JUnitReportReporter -->
<testsuite hostname="NurulAfsar" failures="0" tests="1" name="Automation.webAutomationBasic.Assertions" time="104.518" errors="0" timestamp="2023-08-06T21:50:49 BDT" skipped="0">
  <testcase classname="Automation.webAutomationBasic.Assertions" name="AssretionTest" time="104.518"/>
</testsuite> <!-- Automation.webAutomationBasic.Assertions -->
