<?xml version="1.0" encoding="UTF-8"?>
<!-- Generated by org.testng.reporters.JUnitReportReporter -->
<testsuite hostname="NurulAfsar" failures="0" tests="1" name="Automation.webAutomationBasic.CopyPasteMethod" time="27.734" errors="0" timestamp="2023-08-06T12:53:31 BDT" skipped="0">
  <testcase classname="Automation.webAutomationBasic.CopyPasteMethod" name="CopyPaste" time="27.734"/>
</testsuite> <!-- Automation.webAutomationBasic.CopyPasteMethod -->
