<?xml version="1.0" encoding="UTF-8"?>
<!-- Generated by org.testng.reporters.JUnitReportReporter -->
<testsuite hostname="NurulAfsar" failures="0" tests="1" name="Automation.webAutomationBasic.NavigationCommands" time="56.027" errors="0" timestamp="2023-08-04T22:23:53 BDT" skipped="0">
  <testcase classname="Automation.webAutomationBasic.NavigationCommands" name="NavigationTest" time="56.027"/>
</testsuite> <!-- Automation.webAutomationBasic.NavigationCommands -->
