<?xml version="1.0" encoding="UTF-8"?>
<!-- Generated by org.testng.reporters.JUnitReportReporter -->
<testsuite hostname="NurulAfsar" failures="0" tests="1" name="Automation.webAutomationBasic.AlertHandling" time="43.494" errors="0" timestamp="2023-08-05T10:07:41 BDT" skipped="0">
  <testcase classname="Automation.webAutomationBasic.AlertHandling" name="AlertsTest" time="43.494"/>
</testsuite> <!-- Automation.webAutomationBasic.AlertHandling -->
